Started GET "/" for 192.168.65.1 at 2023-10-25 19:51:15 +0000
Cannot render console from 192.168.65.1! Allowed networks: 127.0.0.0/127.255.255.255, ::1
  
ActiveRecord::NoDatabaseError (We could not find your database: surveyapp_dev. Which can be found in the database configuration file located at config/database.yml.

To resolve this issue:

- Did you create the database for this app, or delete it? You may need to create your database.
- Has the database name changed? Check your database.yml config has the correct database name.

To create your database, run:

        bin/rails db:create
):
  
activerecord (7.0.3.1) lib/active_record/connection_adapters/postgresql_adapter.rb:81:in `rescue in new_client'
activerecord (7.0.3.1) lib/active_record/connection_adapters/postgresql_adapter.rb:77:in `new_client'
activerecord (7.0.3.1) lib/active_record/connection_adapters/postgresql_adapter.rb:37:in `postgresql_connection'
activerecord (7.0.3.1) lib/active_record/connection_adapters/abstract/connection_pool.rb:656:in `public_send'
activerecord (7.0.3.1) lib/active_record/connection_adapters/abstract/connection_pool.rb:656:in `new_connection'
activerecord (7.0.3.1) lib/active_record/connection_adapters/abstract/connection_pool.rb:700:in `checkout_new_connection'
activerecord (7.0.3.1) lib/active_record/connection_adapters/abstract/connection_pool.rb:679:in `try_to_checkout_new_connection'
activerecord (7.0.3.1) lib/active_record/connection_adapters/abstract/connection_pool.rb:640:in `acquire_connection'
activerecord (7.0.3.1) lib/active_record/connection_adapters/abstract/connection_pool.rb:341:in `checkout'
activerecord (7.0.3.1) lib/active_record/connection_adapters/abstract/connection_pool.rb:181:in `connection'
activerecord (7.0.3.1) lib/active_record/connection_adapters/abstract/connection_handler.rb:211:in `retrieve_connection'
activerecord (7.0.3.1) lib/active_record/connection_handling.rb:313:in `retrieve_connection'
activerecord (7.0.3.1) lib/active_record/connection_handling.rb:280:in `connection'
activerecord (7.0.3.1) lib/active_record/migration.rb:613:in `connection'
activerecord (7.0.3.1) lib/active_record/migration.rb:608:in `build_watcher'
activerecord (7.0.3.1) lib/active_record/migration.rb:590:in `block in call'
activerecord (7.0.3.1) lib/active_record/migration.rb:589:in `synchronize'
activerecord (7.0.3.1) lib/active_record/migration.rb:589:in `call'
actionpack (7.0.3.1) lib/action_dispatch/middleware/callbacks.rb:27:in `block in call'
activesupport (7.0.3.1) lib/active_support/callbacks.rb:99:in `run_callbacks'
actionpack (7.0.3.1) lib/action_dispatch/middleware/callbacks.rb:26:in `call'
actionpack (7.0.3.1) lib/action_dispatch/middleware/executor.rb:14:in `call'
actionpack (7.0.3.1) lib/action_dispatch/middleware/actionable_exceptions.rb:17:in `call'
actionpack (7.0.3.1) lib/action_dispatch/middleware/debug_exceptions.rb:28:in `call'
web-console (4.2.0) lib/web_console/middleware.rb:132:in `call_app'
web-console (4.2.0) lib/web_console/middleware.rb:19:in `block in call'
web-console (4.2.0) lib/web_console/middleware.rb:17:in `catch'
web-console (4.2.0) lib/web_console/middleware.rb:17:in `call'
actionpack (7.0.3.1) lib/action_dispatch/middleware/show_exceptions.rb:26:in `call'
railties (7.0.3.1) lib/rails/rack/logger.rb:40:in `call_app'
railties (7.0.3.1) lib/rails/rack/logger.rb:25:in `block in call'
activesupport (7.0.3.1) lib/active_support/tagged_logging.rb:114:in `block in tagged'
activesupport (7.0.3.1) lib/active_support/tagged_logging.rb:38:in `tagged'
activesupport (7.0.3.1) lib/active_support/tagged_logging.rb:114:in `tagged'
railties (7.0.3.1) lib/rails/rack/logger.rb:25:in `call'
sprockets-rails (3.4.2) lib/sprockets/rails/quiet_assets.rb:13:in `call'
actionpack (7.0.3.1) lib/action_dispatch/middleware/remote_ip.rb:93:in `call'
actionpack (7.0.3.1) lib/action_dispatch/middleware/request_id.rb:26:in `call'
rack (2.2.4) lib/rack/method_override.rb:24:in `call'
rack (2.2.4) lib/rack/runtime.rb:22:in `call'
activesupport (7.0.3.1) lib/active_support/cache/strategy/local_cache_middleware.rb:29:in `call'
actionpack (7.0.3.1) lib/action_dispatch/middleware/server_timing.rb:20:in `call'
actionpack (7.0.3.1) lib/action_dispatch/middleware/executor.rb:14:in `call'
actionpack (7.0.3.1) lib/action_dispatch/middleware/static.rb:23:in `call'
rack (2.2.4) lib/rack/sendfile.rb:110:in `call'
actionpack (7.0.3.1) lib/action_dispatch/middleware/host_authorization.rb:137:in `call'
railties (7.0.3.1) lib/rails/engine.rb:530:in `call'
puma (5.6.5) lib/puma/configuration.rb:252:in `call'
puma (5.6.5) lib/puma/request.rb:77:in `block in handle_request'
puma (5.6.5) lib/puma/thread_pool.rb:340:in `with_force_shutdown'
puma (5.6.5) lib/puma/request.rb:76:in `handle_request'
puma (5.6.5) lib/puma/server.rb:443:in `process_client'
puma (5.6.5) lib/puma/thread_pool.rb:147:in `block in spawn_thread'
  [1m[35m (2354.6ms)[0m  [1m[35mCREATE DATABASE "surveyapp_dev" ENCODING = 'unicode'[0m
  [1m[35m (2029.2ms)[0m  [1m[35mCREATE DATABASE "surveyapp_test" ENCODING = 'unicode'[0m
  [1m[35mSQL (0.4ms)[0m  [1m[35mCREATE EXTENSION IF NOT EXISTS "plpgsql"[0m
  [1m[35m (1.6ms)[0m  [1m[35mDROP TABLE IF EXISTS "action_text_rich_texts" CASCADE[0m
  [1m[35m (53.6ms)[0m  [1m[35mCREATE TABLE "action_text_rich_texts" ("id" bigserial primary key, "name" character varying NOT NULL, "body" text, "record_type" character varying NOT NULL, "record_id" bigint NOT NULL, "created_at" timestamp(6) NOT NULL, "updated_at" timestamp(6) NOT NULL)[0m
  [1m[35m (6.4ms)[0m  [1m[35mCREATE UNIQUE INDEX "index_action_text_rich_texts_uniqueness" ON "action_text_rich_texts" ("record_type", "record_id", "name")[0m
  [1m[35m (0.3ms)[0m  [1m[35mDROP TABLE IF EXISTS "active_storage_attachments" CASCADE[0m
  [1m[35m (26.1ms)[0m  [1m[35mCREATE TABLE "active_storage_attachments" ("id" bigserial primary key, "name" character varying NOT NULL, "record_type" character varying NOT NULL, "record_id" bigint NOT NULL, "blob_id" bigint NOT NULL, "created_at" timestamp(6) NOT NULL)[0m
  [1m[35m (8.2ms)[0m  [1m[35mCREATE INDEX "index_active_storage_attachments_on_blob_id" ON "active_storage_attachments" ("blob_id")[0m
  [1m[35m (7.2ms)[0m  [1m[35mCREATE UNIQUE INDEX "index_active_storage_attachments_uniqueness" ON "active_storage_attachments" ("record_type", "record_id", "name", "blob_id")[0m
  [1m[35m (0.3ms)[0m  [1m[35mDROP TABLE IF EXISTS "active_storage_blobs" CASCADE[0m
  [1m[35m (22.8ms)[0m  [1m[35mCREATE TABLE "active_storage_blobs" ("id" bigserial primary key, "key" character varying NOT NULL, "filename" character varying NOT NULL, "content_type" character varying, "metadata" text, "service_name" character varying NOT NULL, "byte_size" bigint NOT NULL, "checksum" character varying, "created_at" timestamp(6) NOT NULL)[0m
  [1m[35m (6.2ms)[0m  [1m[35mCREATE UNIQUE INDEX "index_active_storage_blobs_on_key" ON "active_storage_blobs" ("key")[0m
  [1m[35m (0.3ms)[0m  [1m[35mDROP TABLE IF EXISTS "active_storage_variant_records" CASCADE[0m
  [1m[35m (22.6ms)[0m  [1m[35mCREATE TABLE "active_storage_variant_records" ("id" bigserial primary key, "blob_id" bigint NOT NULL, "variation_digest" character varying NOT NULL)[0m
  [1m[35m (6.9ms)[0m  [1m[35mCREATE UNIQUE INDEX "index_active_storage_variant_records_uniqueness" ON "active_storage_variant_records" ("blob_id", "variation_digest")[0m
  [1m[35m (0.3ms)[0m  [1m[35mDROP TABLE IF EXISTS "answers" CASCADE[0m
  [1m[35m (22.7ms)[0m  [1m[35mCREATE TABLE "answers" ("id" bigserial primary key, "name" character varying, "question_id" bigint NOT NULL, "user_token" character varying, "created_at" timestamp(6) NOT NULL, "updated_at" timestamp(6) NOT NULL, "survey_id" bigint)[0m
  [1m[35m (7.8ms)[0m  [1m[35mCREATE INDEX "index_answers_on_question_id" ON "answers" ("question_id")[0m
  [1m[35m (6.6ms)[0m  [1m[35mCREATE INDEX "index_answers_on_survey_id" ON "answers" ("survey_id")[0m
  [1m[35m (0.2ms)[0m  [1m[35mDROP TABLE IF EXISTS "logs" CASCADE[0m
  [1m[35m (26.1ms)[0m  [1m[35mCREATE TABLE "logs" ("id" bigserial primary key, "email" character varying, "token" character varying, "status" integer, "survey_id" bigint NOT NULL, "created_at" timestamp(6) NOT NULL, "updated_at" timestamp(6) NOT NULL)[0m
  [1m[35m (6.0ms)[0m  [1m[35mCREATE INDEX "index_logs_on_survey_id" ON "logs" ("survey_id")[0m
  [1m[35m (0.2ms)[0m  [1m[35mDROP TABLE IF EXISTS "options" CASCADE[0m
  [1m[35m (24.1ms)[0m  [1m[35mCREATE TABLE "options" ("id" bigserial primary key, "name" character varying, "question_id" bigint NOT NULL, "created_at" timestamp(6) NOT NULL, "updated_at" timestamp(6) NOT NULL)[0m
  [1m[35m (6.6ms)[0m  [1m[35mCREATE INDEX "index_options_on_question_id" ON "options" ("question_id")[0m
  [1m[35m (0.3ms)[0m  [1m[35mDROP TABLE IF EXISTS "questions" CASCADE[0m
  [1m[35m (22.4ms)[0m  [1m[35mCREATE TABLE "questions" ("id" bigserial primary key, "name" character varying, "question_type" integer DEFAULT 0, "section_id" bigint NOT NULL, "created_at" timestamp(6) NOT NULL, "updated_at" timestamp(6) NOT NULL)[0m
  [1m[35m (6.5ms)[0m  [1m[35mCREATE INDEX "index_questions_on_section_id" ON "questions" ("section_id")[0m
  [1m[35m (0.3ms)[0m  [1m[35mDROP TABLE IF EXISTS "sections" CASCADE[0m
  [1m[35m (22.1ms)[0m  [1m[35mCREATE TABLE "sections" ("id" bigserial primary key, "name" character varying, "description" character varying, "section_type" integer DEFAULT 0, "body" text, "user_id" bigint NOT NULL, "created_at" timestamp(6) NOT NULL, "updated_at" timestamp(6) NOT NULL)[0m
  [1m[35m (6.9ms)[0m  [1m[35mCREATE INDEX "index_sections_on_user_id" ON "sections" ("user_id")[0m
  [1m[35m (0.3ms)[0m  [1m[35mDROP TABLE IF EXISTS "survey_sections" CASCADE[0m
  [1m[35m (14.6ms)[0m  [1m[35mCREATE TABLE "survey_sections" ("id" bigserial primary key, "survey_id" bigint NOT NULL, "section_id" bigint NOT NULL, "order" integer, "created_at" timestamp(6) NOT NULL, "updated_at" timestamp(6) NOT NULL)[0m
  [1m[35m (9.6ms)[0m  [1m[35mCREATE INDEX "index_survey_sections_on_section_id" ON "survey_sections" ("section_id")[0m
  [1m[35m (6.8ms)[0m  [1m[35mCREATE INDEX "index_survey_sections_on_survey_id" ON "survey_sections" ("survey_id")[0m
  [1m[35m (0.3ms)[0m  [1m[35mDROP TABLE IF EXISTS "surveys" CASCADE[0m
  [1m[35m (22.7ms)[0m  [1m[35mCREATE TABLE "surveys" ("id" bigserial primary key, "name" character varying, "description" character varying, "user_id" bigint NOT NULL, "created_at" timestamp(6) NOT NULL, "updated_at" timestamp(6) NOT NULL, "uuid" character varying)[0m
  [1m[35m (6.7ms)[0m  [1m[35mCREATE INDEX "index_surveys_on_user_id" ON "surveys" ("user_id")[0m
  [1m[35m (0.3ms)[0m  [1m[35mDROP TABLE IF EXISTS "users" CASCADE[0m
  [1m[35m (22.4ms)[0m  [1m[35mCREATE TABLE "users" ("id" bigserial primary key, "email" character varying DEFAULT '' NOT NULL, "encrypted_password" character varying DEFAULT '' NOT NULL, "reset_password_token" character varying, "reset_password_sent_at" timestamp(6), "remember_created_at" timestamp(6), "sign_in_count" integer DEFAULT 0 NOT NULL, "current_sign_in_at" timestamp(6), "last_sign_in_at" timestamp(6), "current_sign_in_ip" character varying, "last_sign_in_ip" character varying, "confirmation_token" character varying, "confirmed_at" timestamp(6), "confirmation_sent_at" timestamp(6), "unconfirmed_email" character varying, "created_at" timestamp(6) NOT NULL, "updated_at" timestamp(6) NOT NULL)[0m
  [1m[35m (6.3ms)[0m  [1m[35mCREATE UNIQUE INDEX "index_users_on_email" ON "users" ("email")[0m
  [1m[35m (6.3ms)[0m  [1m[35mCREATE UNIQUE INDEX "index_users_on_reset_password_token" ON "users" ("reset_password_token")[0m
  [1m[35m (17.2ms)[0m  [1m[35mALTER TABLE "active_storage_attachments" ADD CONSTRAINT "fk_rails_c3b3935057"
FOREIGN KEY ("blob_id")
  REFERENCES "active_storage_blobs" ("id")
[0m
  [1m[35m (5.4ms)[0m  [1m[35mALTER TABLE "active_storage_variant_records" ADD CONSTRAINT "fk_rails_993965df05"
FOREIGN KEY ("blob_id")
  REFERENCES "active_storage_blobs" ("id")
[0m
  [1m[35m (10.8ms)[0m  [1m[35mALTER TABLE "answers" ADD CONSTRAINT "fk_rails_3d5ed4418f"
FOREIGN KEY ("question_id")
  REFERENCES "questions" ("id")
[0m
  [1m[35m (5.3ms)[0m  [1m[35mALTER TABLE "answers" ADD CONSTRAINT "fk_rails_f3ff571102"
FOREIGN KEY ("survey_id")
  REFERENCES "surveys" ("id")
[0m
  [1m[35m (10.6ms)[0m  [1m[35mALTER TABLE "logs" ADD CONSTRAINT "fk_rails_bbd219252c"
FOREIGN KEY ("survey_id")
  REFERENCES "surveys" ("id")
[0m
  [1m[35m (5.5ms)[0m  [1m[35mALTER TABLE "options" ADD CONSTRAINT "fk_rails_919a0dabf9"
FOREIGN KEY ("question_id")
  REFERENCES "questions" ("id")
[0m
  [1m[35m (5.1ms)[0m  [1m[35mALTER TABLE "questions" ADD CONSTRAINT "fk_rails_c50eadc3e3"
FOREIGN KEY ("section_id")
  REFERENCES "sections" ("id")
[0m
  [1m[35m (6.3ms)[0m  [1m[35mALTER TABLE "sections" ADD CONSTRAINT "fk_rails_23765611a2"
FOREIGN KEY ("user_id")
  REFERENCES "users" ("id")
[0m
  [1m[35m (6.3ms)[0m  [1m[35mALTER TABLE "survey_sections" ADD CONSTRAINT "fk_rails_3a5990ab1f"
FOREIGN KEY ("section_id")
  REFERENCES "sections" ("id")
[0m
  [1m[35m (2.8ms)[0m  [1m[35mALTER TABLE "survey_sections" ADD CONSTRAINT "fk_rails_9b63456ac4"
FOREIGN KEY ("survey_id")
  REFERENCES "surveys" ("id")
[0m
  [1m[35m (4.9ms)[0m  [1m[35mALTER TABLE "surveys" ADD CONSTRAINT "fk_rails_2a50b6eb90"
FOREIGN KEY ("user_id")
  REFERENCES "users" ("id")
[0m
  [1m[35m (17.3ms)[0m  [1m[35mCREATE TABLE "schema_migrations" ("version" character varying NOT NULL PRIMARY KEY)[0m
  [1m[36mActiveRecord::SchemaMigration Pluck (2.2ms)[0m  [1m[34mSELECT "schema_migrations"."version" FROM "schema_migrations" ORDER BY "schema_migrations"."version" ASC[0m
  [1m[35m (3.9ms)[0m  [1m[32mINSERT INTO "schema_migrations" (version) VALUES (20220921203926)[0m
  [1m[35m (0.9ms)[0m  [1m[32mINSERT INTO "schema_migrations" (version) VALUES
(20220829190526),
(20220830183345),
(20220901184755),
(20220901184945),
(20220905210711),
(20220907151704),
(20220907151705),
(20220907204440),
(20220909154354),
(20220910165711),
(20220914200235),
(20220919175113),
(20220920151942);

[0m
  [1m[35m (17.8ms)[0m  [1m[35mCREATE TABLE "ar_internal_metadata" ("key" character varying NOT NULL PRIMARY KEY, "value" character varying, "created_at" timestamp(6) NOT NULL, "updated_at" timestamp(6) NOT NULL)[0m
  [1m[36mActiveRecord::InternalMetadata Load (2.4ms)[0m  [1m[34mSELECT "ar_internal_metadata".* FROM "ar_internal_metadata" WHERE "ar_internal_metadata"."key" = $1 LIMIT $2[0m  [["key", "environment"], ["LIMIT", 1]]
  [1m[36mTRANSACTION (0.3ms)[0m  [1m[35mBEGIN[0m
  [1m[36mActiveRecord::InternalMetadata Create (3.9ms)[0m  [1m[32mINSERT INTO "ar_internal_metadata" ("key", "value", "created_at", "updated_at") VALUES ($1, $2, $3, $4) RETURNING "key"[0m  [["key", "environment"], ["value", "development"], ["created_at", "2023-10-25 19:52:43.755691"], ["updated_at", "2023-10-25 19:52:43.755691"]]
  [1m[36mTRANSACTION (1.2ms)[0m  [1m[35mCOMMIT[0m
  [1m[36mActiveRecord::InternalMetadata Load (1.6ms)[0m  [1m[34mSELECT "ar_internal_metadata".* FROM "ar_internal_metadata" WHERE "ar_internal_metadata"."key" = $1 LIMIT $2[0m  [["key", "environment"], ["LIMIT", 1]]
  [1m[36mActiveRecord::InternalMetadata Load (0.4ms)[0m  [1m[34mSELECT "ar_internal_metadata".* FROM "ar_internal_metadata" WHERE "ar_internal_metadata"."key" = $1 LIMIT $2[0m  [["key", "schema_sha1"], ["LIMIT", 1]]
  [1m[36mTRANSACTION (0.3ms)[0m  [1m[35mBEGIN[0m
  [1m[36mActiveRecord::InternalMetadata Create (0.4ms)[0m  [1m[32mINSERT INTO "ar_internal_metadata" ("key", "value", "created_at", "updated_at") VALUES ($1, $2, $3, $4) RETURNING "key"[0m  [["key", "schema_sha1"], ["value", "42e02ee67d8c782e6f526dae80f1a4e6e0856ebb"], ["created_at", "2023-10-25 19:52:43.778017"], ["updated_at", "2023-10-25 19:52:43.778017"]]
  [1m[36mTRANSACTION (0.8ms)[0m  [1m[35mCOMMIT[0m
  [1m[35mSQL (0.3ms)[0m  [1m[35mCREATE EXTENSION IF NOT EXISTS "plpgsql"[0m
  [1m[35m (0.3ms)[0m  [1m[35mDROP TABLE IF EXISTS "action_text_rich_texts" CASCADE[0m
  [1m[35m (47.3ms)[0m  [1m[35mCREATE TABLE "action_text_rich_texts" ("id" bigserial primary key, "name" character varying NOT NULL, "body" text, "record_type" character varying NOT NULL, "record_id" bigint NOT NULL, "created_at" timestamp(6) NOT NULL, "updated_at" timestamp(6) NOT NULL)[0m
  [1m[35m (6.5ms)[0m  [1m[35mCREATE UNIQUE INDEX "index_action_text_rich_texts_uniqueness" ON "action_text_rich_texts" ("record_type", "record_id", "name")[0m
  [1m[35m (0.3ms)[0m  [1m[35mDROP TABLE IF EXISTS "active_storage_attachments" CASCADE[0m
  [1m[35m (26.8ms)[0m  [1m[35mCREATE TABLE "active_storage_attachments" ("id" bigserial primary key, "name" character varying NOT NULL, "record_type" character varying NOT NULL, "record_id" bigint NOT NULL, "blob_id" bigint NOT NULL, "created_at" timestamp(6) NOT NULL)[0m
  [1m[35m (6.2ms)[0m  [1m[35mCREATE INDEX "index_active_storage_attachments_on_blob_id" ON "active_storage_attachments" ("blob_id")[0m
  [1m[35m (6.6ms)[0m  [1m[35mCREATE UNIQUE INDEX "index_active_storage_attachments_uniqueness" ON "active_storage_attachments" ("record_type", "record_id", "name", "blob_id")[0m
  [1m[35m (0.3ms)[0m  [1m[35mDROP TABLE IF EXISTS "active_storage_blobs" CASCADE[0m
  [1m[35m (22.3ms)[0m  [1m[35mCREATE TABLE "active_storage_blobs" ("id" bigserial primary key, "key" character varying NOT NULL, "filename" character varying NOT NULL, "content_type" character varying, "metadata" text, "service_name" character varying NOT NULL, "byte_size" bigint NOT NULL, "checksum" character varying, "created_at" timestamp(6) NOT NULL)[0m
  [1m[35m (6.4ms)[0m  [1m[35mCREATE UNIQUE INDEX "index_active_storage_blobs_on_key" ON "active_storage_blobs" ("key")[0m
  [1m[35m (0.4ms)[0m  [1m[35mDROP TABLE IF EXISTS "active_storage_variant_records" CASCADE[0m
  [1m[35m (23.9ms)[0m  [1m[35mCREATE TABLE "active_storage_variant_records" ("id" bigserial primary key, "blob_id" bigint NOT NULL, "variation_digest" character varying NOT NULL)[0m
  [1m[35m (7.7ms)[0m  [1m[35mCREATE UNIQUE INDEX "index_active_storage_variant_records_uniqueness" ON "active_storage_variant_records" ("blob_id", "variation_digest")[0m
  [1m[35m (0.3ms)[0m  [1m[35mDROP TABLE IF EXISTS "answers" CASCADE[0m
  [1m[35m (24.2ms)[0m  [1m[35mCREATE TABLE "answers" ("id" bigserial primary key, "name" character varying, "question_id" bigint NOT NULL, "user_token" character varying, "created_at" timestamp(6) NOT NULL, "updated_at" timestamp(6) NOT NULL, "survey_id" bigint)[0m
  [1m[35m (7.6ms)[0m  [1m[35mCREATE INDEX "index_answers_on_question_id" ON "answers" ("question_id")[0m
  [1m[35m (7.4ms)[0m  [1m[35mCREATE INDEX "index_answers_on_survey_id" ON "answers" ("survey_id")[0m
  [1m[35m (0.6ms)[0m  [1m[35mDROP TABLE IF EXISTS "logs" CASCADE[0m
  [1m[35m (29.1ms)[0m  [1m[35mCREATE TABLE "logs" ("id" bigserial primary key, "email" character varying, "token" character varying, "status" integer, "survey_id" bigint NOT NULL, "created_at" timestamp(6) NOT NULL, "updated_at" timestamp(6) NOT NULL)[0m
  [1m[35m (7.1ms)[0m  [1m[35mCREATE INDEX "index_logs_on_survey_id" ON "logs" ("survey_id")[0m
  [1m[35m (0.5ms)[0m  [1m[35mDROP TABLE IF EXISTS "options" CASCADE[0m
  [1m[35m (40.4ms)[0m  [1m[35mCREATE TABLE "options" ("id" bigserial primary key, "name" character varying, "question_id" bigint NOT NULL, "created_at" timestamp(6) NOT NULL, "updated_at" timestamp(6) NOT NULL)[0m
  [1m[35m (7.1ms)[0m  [1m[35mCREATE INDEX "index_options_on_question_id" ON "options" ("question_id")[0m
  [1m[35m (0.4ms)[0m  [1m[35mDROP TABLE IF EXISTS "questions" CASCADE[0m
  [1m[35m (26.5ms)[0m  [1m[35mCREATE TABLE "questions" ("id" bigserial primary key, "name" character varying, "question_type" integer DEFAULT 0, "section_id" bigint NOT NULL, "created_at" timestamp(6) NOT NULL, "updated_at" timestamp(6) NOT NULL)[0m
  [1m[35m (8.7ms)[0m  [1m[35mCREATE INDEX "index_questions_on_section_id" ON "questions" ("section_id")[0m
  [1m[35m (0.3ms)[0m  [1m[35mDROP TABLE IF EXISTS "sections" CASCADE[0m
  [1m[35m (27.8ms)[0m  [1m[35mCREATE TABLE "sections" ("id" bigserial primary key, "name" character varying, "description" character varying, "section_type" integer DEFAULT 0, "body" text, "user_id" bigint NOT NULL, "created_at" timestamp(6) NOT NULL, "updated_at" timestamp(6) NOT NULL)[0m
  [1m[35m (7.1ms)[0m  [1m[35mCREATE INDEX "index_sections_on_user_id" ON "sections" ("user_id")[0m
  [1m[35m (0.4ms)[0m  [1m[35mDROP TABLE IF EXISTS "survey_sections" CASCADE[0m
  [1m[35m (18.6ms)[0m  [1m[35mCREATE TABLE "survey_sections" ("id" bigserial primary key, "survey_id" bigint NOT NULL, "section_id" bigint NOT NULL, "order" integer, "created_at" timestamp(6) NOT NULL, "updated_at" timestamp(6) NOT NULL)[0m
  [1m[35m (6.4ms)[0m  [1m[35mCREATE INDEX "index_survey_sections_on_section_id" ON "survey_sections" ("section_id")[0m
  [1m[35m (8.4ms)[0m  [1m[35mCREATE INDEX "index_survey_sections_on_survey_id" ON "survey_sections" ("survey_id")[0m
  [1m[35m (0.3ms)[0m  [1m[35mDROP TABLE IF EXISTS "surveys" CASCADE[0m
  [1m[35m (28.9ms)[0m  [1m[35mCREATE TABLE "surveys" ("id" bigserial primary key, "name" character varying, "description" character varying, "user_id" bigint NOT NULL, "created_at" timestamp(6) NOT NULL, "updated_at" timestamp(6) NOT NULL, "uuid" character varying)[0m
  [1m[35m (6.6ms)[0m  [1m[35mCREATE INDEX "index_surveys_on_user_id" ON "surveys" ("user_id")[0m
  [1m[35m (0.4ms)[0m  [1m[35mDROP TABLE IF EXISTS "users" CASCADE[0m
  [1m[35m (24.7ms)[0m  [1m[35mCREATE TABLE "users" ("id" bigserial primary key, "email" character varying DEFAULT '' NOT NULL, "encrypted_password" character varying DEFAULT '' NOT NULL, "reset_password_token" character varying, "reset_password_sent_at" timestamp(6), "remember_created_at" timestamp(6), "sign_in_count" integer DEFAULT 0 NOT NULL, "current_sign_in_at" timestamp(6), "last_sign_in_at" timestamp(6), "current_sign_in_ip" character varying, "last_sign_in_ip" character varying, "confirmation_token" character varying, "confirmed_at" timestamp(6), "confirmation_sent_at" timestamp(6), "unconfirmed_email" character varying, "created_at" timestamp(6) NOT NULL, "updated_at" timestamp(6) NOT NULL)[0m
  [1m[35m (8.0ms)[0m  [1m[35mCREATE UNIQUE INDEX "index_users_on_email" ON "users" ("email")[0m
  [1m[35m (6.6ms)[0m  [1m[35mCREATE UNIQUE INDEX "index_users_on_reset_password_token" ON "users" ("reset_password_token")[0m
  [1m[35m (25.7ms)[0m  [1m[35mALTER TABLE "active_storage_attachments" ADD CONSTRAINT "fk_rails_c3b3935057"
FOREIGN KEY ("blob_id")
  REFERENCES "active_storage_blobs" ("id")
[0m
  [1m[35m (9.8ms)[0m  [1m[35mALTER TABLE "active_storage_variant_records" ADD CONSTRAINT "fk_rails_993965df05"
FOREIGN KEY ("blob_id")
  REFERENCES "active_storage_blobs" ("id")
[0m
  [1m[35m (13.0ms)[0m  [1m[35mALTER TABLE "answers" ADD CONSTRAINT "fk_rails_3d5ed4418f"
FOREIGN KEY ("question_id")
  REFERENCES "questions" ("id")
[0m
  [1m[35m (7.0ms)[0m  [1m[35mALTER TABLE "answers" ADD CONSTRAINT "fk_rails_f3ff571102"
FOREIGN KEY ("survey_id")
  REFERENCES "surveys" ("id")
[0m
  [1m[35m (11.6ms)[0m  [1m[35mALTER TABLE "logs" ADD CONSTRAINT "fk_rails_bbd219252c"
FOREIGN KEY ("survey_id")
  REFERENCES "surveys" ("id")
[0m
  [1m[35m (5.7ms)[0m  [1m[35mALTER TABLE "options" ADD CONSTRAINT "fk_rails_919a0dabf9"
FOREIGN KEY ("question_id")
  REFERENCES "questions" ("id")
[0m
  [1m[35m (9.2ms)[0m  [1m[35mALTER TABLE "questions" ADD CONSTRAINT "fk_rails_c50eadc3e3"
FOREIGN KEY ("section_id")
  REFERENCES "sections" ("id")
[0m
  [1m[35m (7.1ms)[0m  [1m[35mALTER TABLE "sections" ADD CONSTRAINT "fk_rails_23765611a2"
FOREIGN KEY ("user_id")
  REFERENCES "users" ("id")
[0m
  [1m[35m (6.6ms)[0m  [1m[35mALTER TABLE "survey_sections" ADD CONSTRAINT "fk_rails_3a5990ab1f"
FOREIGN KEY ("section_id")
  REFERENCES "sections" ("id")
[0m
  [1m[35m (2.8ms)[0m  [1m[35mALTER TABLE "survey_sections" ADD CONSTRAINT "fk_rails_9b63456ac4"
FOREIGN KEY ("survey_id")
  REFERENCES "surveys" ("id")
[0m
  [1m[35m (8.2ms)[0m  [1m[35mALTER TABLE "surveys" ADD CONSTRAINT "fk_rails_2a50b6eb90"
FOREIGN KEY ("user_id")
  REFERENCES "users" ("id")
[0m
  [1m[35m (26.3ms)[0m  [1m[35mCREATE TABLE "schema_migrations" ("version" character varying NOT NULL PRIMARY KEY)[0m
  [1m[36mActiveRecord::SchemaMigration Pluck (3.0ms)[0m  [1m[34mSELECT "schema_migrations"."version" FROM "schema_migrations" ORDER BY "schema_migrations"."version" ASC[0m
  [1m[35m (3.4ms)[0m  [1m[32mINSERT INTO "schema_migrations" (version) VALUES (20220921203926)[0m
  [1m[35m (1.0ms)[0m  [1m[32mINSERT INTO "schema_migrations" (version) VALUES
(20220829190526),
(20220830183345),
(20220901184755),
(20220901184945),
(20220905210711),
(20220907151704),
(20220907151705),
(20220907204440),
(20220909154354),
(20220910165711),
(20220914200235),
(20220919175113),
(20220920151942);

[0m
  [1m[35m (19.7ms)[0m  [1m[35mCREATE TABLE "ar_internal_metadata" ("key" character varying NOT NULL PRIMARY KEY, "value" character varying, "created_at" timestamp(6) NOT NULL, "updated_at" timestamp(6) NOT NULL)[0m
  [1m[36mActiveRecord::InternalMetadata Load (2.8ms)[0m  [1m[34mSELECT "ar_internal_metadata".* FROM "ar_internal_metadata" WHERE "ar_internal_metadata"."key" = $1 LIMIT $2[0m  [["key", "environment"], ["LIMIT", 1]]
  [1m[36mTRANSACTION (0.2ms)[0m  [1m[35mBEGIN[0m
  [1m[36mActiveRecord::InternalMetadata Create (2.9ms)[0m  [1m[32mINSERT INTO "ar_internal_metadata" ("key", "value", "created_at", "updated_at") VALUES ($1, $2, $3, $4) RETURNING "key"[0m  [["key", "environment"], ["value", "development"], ["created_at", "2023-10-25 19:52:44.606076"], ["updated_at", "2023-10-25 19:52:44.606076"]]
  [1m[36mTRANSACTION (0.7ms)[0m  [1m[35mCOMMIT[0m
  [1m[36mActiveRecord::InternalMetadata Load (1.4ms)[0m  [1m[34mSELECT "ar_internal_metadata".* FROM "ar_internal_metadata" WHERE "ar_internal_metadata"."key" = $1 LIMIT $2[0m  [["key", "environment"], ["LIMIT", 1]]
  [1m[36mTRANSACTION (0.2ms)[0m  [1m[35mBEGIN[0m
  [1m[36mActiveRecord::InternalMetadata Update (1.2ms)[0m  [1m[33mUPDATE "ar_internal_metadata" SET "value" = $1, "updated_at" = $2 WHERE "ar_internal_metadata"."key" = $3[0m  [["value", "test"], ["updated_at", "2023-10-25 19:52:44.618838"], ["key", "environment"]]
  [1m[36mTRANSACTION (0.8ms)[0m  [1m[35mCOMMIT[0m
  [1m[36mActiveRecord::InternalMetadata Load (0.4ms)[0m  [1m[34mSELECT "ar_internal_metadata".* FROM "ar_internal_metadata" WHERE "ar_internal_metadata"."key" = $1 LIMIT $2[0m  [["key", "schema_sha1"], ["LIMIT", 1]]
  [1m[36mTRANSACTION (0.2ms)[0m  [1m[35mBEGIN[0m
  [1m[36mActiveRecord::InternalMetadata Create (0.3ms)[0m  [1m[32mINSERT INTO "ar_internal_metadata" ("key", "value", "created_at", "updated_at") VALUES ($1, $2, $3, $4) RETURNING "key"[0m  [["key", "schema_sha1"], ["value", "42e02ee67d8c782e6f526dae80f1a4e6e0856ebb"], ["created_at", "2023-10-25 19:52:44.629050"], ["updated_at", "2023-10-25 19:52:44.629050"]]
  [1m[36mTRANSACTION (1.4ms)[0m  [1m[35mCOMMIT[0m
  [1m[36mActiveRecord::SchemaMigration Pluck (3.3ms)[0m  [1m[34mSELECT "schema_migrations"."version" FROM "schema_migrations" ORDER BY "schema_migrations"."version" ASC[0m
Started GET "/" for 192.168.65.1 at 2023-10-25 19:58:33 +0000
Cannot render console from 192.168.65.1! Allowed networks: 127.0.0.0/127.255.255.255, ::1
  [1m[36mActiveRecord::SchemaMigration Pluck (4.1ms)[0m  [1m[34mSELECT "schema_migrations"."version" FROM "schema_migrations" ORDER BY "schema_migrations"."version" ASC[0m
Processing by PagesController#landing_page as HTML
  Rendering layout layouts/application.html.erb
  Rendering pages/landing_page.html.erb within layouts/application
  Rendered pages/landing_page.html.erb within layouts/application (Duration: 11.0ms | Allocations: 2191)
  Rendered shared/_main_navbar.html.erb (Duration: 5.1ms | Allocations: 660)
  Rendered shared/_footer.html.erb (Duration: 3.3ms | Allocations: 130)
  Rendered layout layouts/application.html.erb (Duration: 32.9ms | Allocations: 6721)
Completed 200 OK in 94ms (Views: 48.9ms | ActiveRecord: 0.0ms | Allocations: 13221)


